{
  "0 debug pnpm:scope": {
    "selected": 1
  },
  "1 debug pnpm:package-manifest": {
    "initial": {
      "name": "Renderer",
      "version": "1.0.0",
      "description": "",
      "main": "index.js",
      "scripts": {
        "dev": "next dev",
        "build": "npx next build",
        "start": "npx next start",
        "build-and-start": "next build && next start"
      },
      "keywords": [],
      "author": "",
      "license": "ISC",
      "dependencies": {
        "@scope/common": "^1.0.39",
        "@types/axios": "^0.14.0",
        "@types/node": "^14.6.0",
        "@types/react": "^16.9.46",
        "@zeit/next-typescript": "^1.1.1",
        "axios": "^0.20.0",
        "bootstrap": "^4.5.2",
        "next": "^9.5.2",
        "react": "^16.13.1",
        "react-dom": "^16.13.1",
        "typescript": "^4.0.2"
      }
    },
    "prefix": "/media/gruma/data/microservices/renderer"
  },
  "2 debug pnpm:context": {
    "currentLockfileExists": false,
    "storeDir": "/media/gruma/data/.pnpm-store/v3",
    "virtualStoreDir": "/media/gruma/data/microservices/renderer/node_modules/.pnpm"
  },
  "3 debug pnpm:stage": {
    "prefix": "/media/gruma/data/microservices/renderer",
    "stage": "resolution_started"
  },
  "4 error pnpm": {
    "code": "ERR_PNPM_FETCH_404",
    "hint": "@scope/common is not in the npm registry, or you have no permission to fetch it.\n\nNo authorization header was set for the request.",
    "request": {
      "url": "https://registry.npmjs.org/@scope%2Fcommon"
    },
    "response": {
      "size": 0
    },
    "pkgName": "@scope/common",
    "spec": {
      "fetchSpec": ">=1.0.39 <2.0.0-0",
      "name": "@scope/common",
      "type": "range"
    },
    "pkgsStack": [],
    "err": {
      "name": "pnpm",
      "message": "GET https://registry.npmjs.org/@scope%2Fcommon: Not Found - 404",
      "code": "ERR_PNPM_FETCH_404",
      "stack": "pnpm: GET https://registry.npmjs.org/@scope%2Fcommon: Not Found - 404\n    at RetryOperation._fn (/home/gruma/.nvm/versions/node/v16.14.2/pnpm-global/5/node_modules/.pnpm/pnpm@7.3.0/node_modules/pnpm/dist/pnpm.cjs:85463:19)\n    at processTicksAndRejections (node:internal/process/task_queues:96:5)"
    }
  }
}